<?xml version="1.0" encoding="UTF-8"?>
<!-- Generated by org.testng.reporters.JUnitXMLReporter -->
<testsuite ignored="0" hostname="Bayan" failures="0" tests="3" name="Default test" time="56.993" errors="0" timestamp="2024-03-06T00:04:34 EET">
  <testcase classname="TestCases.LoginTest" name="logInTest" time="52.915"/>
  <testcase classname="TestCases.LoginTest" name="homePageTitle" time="0.026"/>
  <testcase classname="TestCases.LoginTest" name="logOutTest" time="2.361"/>
</testsuite> <!-- Default test -->
