<?xml version="1.0" encoding="UTF-8"?>
<!-- Generated by org.testng.reporters.JUnitXMLReporter -->
<testsuite ignored="0" hostname="Bayan" failures="0" tests="3" name="Default test" time="8.875" errors="0" timestamp="2024-03-06T23:05:19 EET">
  <testcase classname="TestCases.LoginTest" name="logInTest" time="4.756"/>
  <testcase classname="TestCases.LoginTest" name="homePageTitle" time="0.024"/>
  <testcase classname="TestCases.LoginTest" name="logOutTest" time="2.334"/>
</testsuite> <!-- Default test -->
