<?xml version="1.0" encoding="UTF-8"?>
<testng-results ignored="0" total="3" passed="3" failed="0" skipped="0">
  <reporter-output>
  </reporter-output>
  <suite started-at="2024-03-06T23:05:10 EET" name="Default suite" finished-at="2024-03-06T23:05:19 EET" duration-ms="8875">
    <groups>
    </groups>
    <test started-at="2024-03-06T23:05:10 EET" name="Default test" finished-at="2024-03-06T23:05:19 EET" duration-ms="8875">
      <class name="TestCases.LoginTest">
        <test-method is-config="true" signature="setUp()[pri:0, instance:TestCases.LoginTest@285a4fe3]" started-at="2024-03-06T23:05:10 EET" name="setUp" finished-at="2024-03-06T23:05:11 EET" duration-ms="260" status="PASS">
          <reporter-output>
          </reporter-output>
        </test-method> <!-- setUp -->
        <test-method signature="logInTest()[pri:1, instance:TestCases.LoginTest@285a4fe3]" started-at="2024-03-06T23:05:11 EET" name="logInTest" finished-at="2024-03-06T23:05:15 EET" duration-ms="4756" status="PASS">
          <reporter-output>
          </reporter-output>
        </test-method> <!-- logInTest -->
        <test-method signature="homePageTitle()[pri:2, instance:TestCases.LoginTest@285a4fe3]" started-at="2024-03-06T23:05:15 EET" name="homePageTitle" finished-at="2024-03-06T23:05:15 EET" duration-ms="24" status="PASS">
          <reporter-output>
          </reporter-output>
        </test-method> <!-- homePageTitle -->
        <test-method signature="logOutTest()[pri:3, instance:TestCases.LoginTest@285a4fe3]" started-at="2024-03-06T23:05:15 EET" name="logOutTest" finished-at="2024-03-06T23:05:18 EET" duration-ms="2334" status="PASS">
          <reporter-output>
          </reporter-output>
        </test-method> <!-- logOutTest -->
        <test-method is-config="true" signature="postTesting()[pri:0, instance:TestCases.LoginTest@285a4fe3]" started-at="2024-03-06T23:05:18 EET" name="postTesting" finished-at="2024-03-06T23:05:19 EET" duration-ms="1378" status="PASS">
          <reporter-output>
          </reporter-output>
        </test-method> <!-- postTesting -->
      </class> <!-- TestCases.LoginTest -->
    </test> <!-- Default test -->
  </suite> <!-- Default suite -->
</testng-results>
