<?xml version="1.0" encoding="UTF-8"?>
<testng-results ignored="0" total="3" passed="3" failed="0" skipped="0">
  <reporter-output>
  </reporter-output>
  <suite started-at="2024-03-07T23:37:21 EET" name="Default suite" finished-at="2024-03-07T23:37:32 EET" duration-ms="10135">
    <groups>
    </groups>
    <test started-at="2024-03-07T23:37:21 EET" name="Default test" finished-at="2024-03-07T23:37:32 EET" duration-ms="10135">
      <class name="TestCases.MyTestCases">
        <test-method is-config="true" signature="setUp()[pri:0, instance:TestCases.MyTestCases@285a4fe3]" started-at="2024-03-07T23:37:21 EET" name="setUp" finished-at="2024-03-07T23:37:22 EET" duration-ms="280" status="PASS">
          <reporter-output>
          </reporter-output>
        </test-method> <!-- setUp -->
        <test-method signature="logInTest()[pri:1, instance:TestCases.MyTestCases@285a4fe3]" started-at="2024-03-07T23:37:22 EET" name="logInTest" finished-at="2024-03-07T23:37:28 EET" duration-ms="5755" status="PASS">
          <reporter-output>
          </reporter-output>
        </test-method> <!-- logInTest -->
        <test-method signature="homePageTitle()[pri:2, instance:TestCases.MyTestCases@285a4fe3]" started-at="2024-03-07T23:37:28 EET" name="homePageTitle" finished-at="2024-03-07T23:37:28 EET" duration-ms="34" status="PASS">
          <reporter-output>
          </reporter-output>
        </test-method> <!-- homePageTitle -->
        <test-method signature="logOutTest()[pri:3, instance:TestCases.MyTestCases@285a4fe3]" started-at="2024-03-07T23:37:28 EET" name="logOutTest" finished-at="2024-03-07T23:37:30 EET" duration-ms="2402" status="PASS">
          <reporter-output>
          </reporter-output>
        </test-method> <!-- logOutTest -->
        <test-method is-config="true" signature="postTesting()[pri:0, instance:TestCases.MyTestCases@285a4fe3]" started-at="2024-03-07T23:37:30 EET" name="postTesting" finished-at="2024-03-07T23:37:32 EET" duration-ms="1549" status="PASS">
          <reporter-output>
          </reporter-output>
        </test-method> <!-- postTesting -->
      </class> <!-- TestCases.MyTestCases -->
    </test> <!-- Default test -->
  </suite> <!-- Default suite -->
</testng-results>
